2021-03-28 14:43:10,657 INFO: Binance Trader v0.0.2
2021-03-28 14:43:11,160 INFO: XRP balance: 0.0
2021-03-28 14:43:11,161 INFO: USDT balance: 10000.0
2021-03-28 14:43:11,162 INFO: XRP balance: 0.0
2021-03-28 14:43:11,163 INFO: USDT balance: 10000.0
2021-03-28 14:43:11,164 INFO: XRP balance: 0.0
2021-03-28 14:43:11,165 INFO: USDT balance: 10000.0
2021-03-28 14:43:11,166 INFO: XRP balance: 0.0
2021-03-28 14:43:11,166 INFO: USDT balance: 10000.0
2021-03-28 14:43:11,167 INFO: XRP balance: 0.0
2021-03-28 14:43:11,168 INFO: USDT balance: 10000.0
2021-03-28 14:43:11,169 INFO: XRP balance: 0.0
2021-03-28 14:43:11,170 INFO: USDT balance: 10000.0
2021-03-28 14:43:11,171 INFO: XRP balance: 0.0
2021-03-28 14:43:11,172 INFO: USDT balance: 10000.0
2021-03-28 14:43:11,173 INFO: XRP balance: 0.0
2021-03-28 14:43:11,174 INFO: USDT balance: 10000.0
2021-03-28 14:43:11,499 INFO: XRP IFTSTOCH: -0.6242126831081171
2021-03-28 14:43:12,822 INFO: XRP IFTSTOCH: -0.6242126831081171
2021-03-28 14:43:14,362 INFO: XRP IFTSTOCH: -0.6626095160010904
2021-03-28 14:43:15,705 INFO: XRP IFTSTOCH: -0.6626095160010904
2021-03-28 14:43:17,041 INFO: XRP IFTSTOCH: -0.6626095160010904
2021-03-28 14:43:18,386 INFO: XRP IFTSTOCH: -0.6806039006872557
2021-03-28 14:43:20,384 INFO: XRP IFTSTOCH: -0.6893056763928904
2021-03-28 14:43:21,733 INFO: XRP IFTSTOCH: -0.6893056763928904
2021-03-28 14:43:23,059 INFO: XRP IFTSTOCH: -0.6893056763928904
2021-03-28 14:43:24,406 INFO: XRP IFTSTOCH: -0.6806039006872557
2021-03-28 14:43:25,751 INFO: XRP IFTSTOCH: -0.6806039006872557
2021-03-28 14:43:27,078 INFO: XRP IFTSTOCH: -0.6806039006872557
2021-03-28 14:43:28,417 INFO: XRP IFTSTOCH: -0.6806039006872557
2021-03-28 14:43:29,762 INFO: XRP IFTSTOCH: -0.6893056763928904
2021-03-28 14:43:31,115 INFO: XRP IFTSTOCH: -0.6893056763928904
2021-03-28 14:43:32,465 INFO: XRP IFTSTOCH: -0.6893056763928904
2021-03-28 14:43:33,797 INFO: XRP IFTSTOCH: -0.7375075598105735
2021-03-28 14:43:35,145 INFO: XRP IFTSTOCH: -0.7375075598105735
2021-03-28 14:43:36,489 INFO: XRP IFTSTOCH: -0.7375075598105735
2021-03-28 14:43:37,847 INFO: XRP IFTSTOCH: -0.7448943535601172
2021-03-28 14:43:39,193 INFO: XRP IFTSTOCH: -0.7448943535601172
2021-03-28 14:43:40,524 INFO: XRP IFTSTOCH: -0.7448943535601172
2021-03-28 14:43:41,871 INFO: XRP IFTSTOCH: -0.7521029335771414
2021-03-28 14:43:43,433 INFO: XRP IFTSTOCH: -0.7448943535601172
2021-03-28 14:43:44,762 INFO: XRP IFTSTOCH: -0.7448943535601172
2021-03-28 14:43:46,104 INFO: XRP IFTSTOCH: -0.7448943535601172
2021-03-28 14:43:47,437 INFO: XRP IFTSTOCH: -0.7448943535601172
2021-03-28 14:46:43,673 INFO: Binance Trader v0.0.2
2021-03-28 14:46:44,257 INFO: XRP balance: 0.0
2021-03-28 14:46:44,257 INFO: USDT balance: 10000.0
2021-03-28 14:46:44,258 INFO: XRP balance: 0.0
2021-03-28 14:46:44,259 INFO: USDT balance: 10000.0
2021-03-28 14:46:44,260 INFO: XRP balance: 0.0
2021-03-28 14:46:44,261 INFO: USDT balance: 10000.0
2021-03-28 14:46:44,262 INFO: XRP balance: 0.0
2021-03-28 14:46:44,263 INFO: USDT balance: 10000.0
2021-03-28 14:46:44,264 INFO: XRP balance: 0.0
2021-03-28 14:46:44,265 INFO: USDT balance: 10000.0
2021-03-28 14:46:44,266 INFO: XRP balance: 0.0
2021-03-28 14:46:44,267 INFO: USDT balance: 10000.0
2021-03-28 14:46:44,268 INFO: XRP balance: 0.0
2021-03-28 14:46:44,269 INFO: USDT balance: 10000.0
2021-03-28 14:46:44,270 INFO: XRP balance: 0.0
2021-03-28 14:46:44,271 INFO: USDT balance: 10000.0
2021-03-28 14:46:44,595 INFO: XRP IFTSTOCH: 0.630105145402154
2021-03-28 14:46:45,924 INFO: XRP IFTSTOCH: 0.6709049224810762
2021-03-28 14:46:47,275 INFO: XRP IFTSTOCH: 0.608283554533707
2021-03-28 14:46:48,618 INFO: XRP IFTSTOCH: 0.5495223018837766
2021-03-28 14:46:49,963 INFO: XRP IFTSTOCH: 0.7645504275687427
2021-03-28 14:46:51,292 INFO: XRP IFTSTOCH: 0.630105145402154
2021-03-28 14:46:52,633 INFO: XRP IFTSTOCH: 0.630105145402154
2021-03-28 14:46:53,977 INFO: XRP IFTSTOCH: 0.5617564632779349
2021-03-28 14:46:55,314 INFO: XRP IFTSTOCH: 0.5617564632779349
2021-03-28 14:46:56,667 INFO: XRP IFTSTOCH: 0.573749766024094
2021-03-28 14:46:58,008 INFO: XRP IFTSTOCH: 0.573749766024094
2021-03-28 14:46:59,358 INFO: XRP IFTSTOCH: 0.5495223018837766
2021-03-28 14:47:00,706 INFO: XRP IFTSTOCH: -0.07663662235181722
2021-03-28 14:47:02,027 INFO: XRP IFTSTOCH: -0.059019400790297806
2021-03-28 14:47:03,587 INFO: XRP IFTSTOCH: -0.059019400790297806
2021-03-28 14:47:05,137 INFO: XRP IFTSTOCH: -0.09420612161452302
2021-03-28 14:47:06,493 INFO: XRP IFTSTOCH: -0.07663662235181722
2021-03-28 14:47:07,843 INFO: XRP IFTSTOCH: -0.24846705484475576
2021-03-28 14:47:09,183 INFO: XRP IFTSTOCH: -0.25330435368439214
2021-03-28 14:47:10,540 INFO: XRP IFTSTOCH: -0.32950593540966394
2021-03-28 14:47:11,889 INFO: XRP IFTSTOCH: -0.32950593540966394
2021-03-28 14:47:13,241 INFO: XRP IFTSTOCH: -0.3155064692686918
2021-03-28 14:47:14,587 INFO: XRP IFTSTOCH: -0.3155064692686918
2021-03-28 14:47:15,915 INFO: XRP IFTSTOCH: -0.32950593540966394
2021-03-28 14:47:17,257 INFO: XRP IFTSTOCH: -0.32950593540966394
2021-03-28 14:47:18,607 INFO: XRP IFTSTOCH: -0.30615743762448555
2021-03-28 14:47:19,958 INFO: XRP IFTSTOCH: -0.29434141117371115
2021-03-28 14:47:21,310 INFO: XRP IFTSTOCH: -0.27044033889767305
2021-03-28 14:47:22,637 INFO: XRP IFTSTOCH: -0.30615743762448555
2021-03-28 14:47:23,983 INFO: XRP IFTSTOCH: -0.2719633527134736
2021-03-28 14:47:25,333 INFO: XRP IFTSTOCH: -0.32950593540966394
2021-03-28 14:47:26,678 INFO: XRP IFTSTOCH: -0.32950593540966394
2021-03-28 14:47:28,021 INFO: XRP IFTSTOCH: -0.26267126317570627
2021-03-28 14:47:29,347 INFO: XRP IFTSTOCH: -0.16280180295130364
2021-03-28 14:47:30,690 INFO: XRP IFTSTOCH: -0.0803204103834301
2021-03-28 14:47:32,233 INFO: XRP IFTSTOCH: -0.0803204103834301
2021-03-28 14:47:33,581 INFO: XRP IFTSTOCH: -0.05948110184645033
2021-03-28 14:47:34,925 INFO: XRP IFTSTOCH: -0.06990838328319275
2021-03-28 14:47:36,250 INFO: XRP IFTSTOCH: -0.06990838328319275
2021-03-28 14:47:37,597 INFO: XRP IFTSTOCH: 0.1075700541055592
2021-03-28 14:47:38,945 INFO: XRP IFTSTOCH: 0.1075700541055592
2021-03-28 14:47:40,279 INFO: XRP IFTSTOCH: 0.1075700541055592
2021-03-28 14:47:41,621 INFO: XRP IFTSTOCH: 0.1075700541055592
2021-03-28 14:47:43,163 INFO: XRP IFTSTOCH: 0.02421350055935214
2021-03-28 14:47:44,510 INFO: XRP IFTSTOCH: 0.055574526111596904
2021-03-28 14:47:45,859 INFO: XRP IFTSTOCH: 0.013746164200163205
2021-03-28 14:47:47,209 INFO: XRP IFTSTOCH: 0.013746164200163205
2021-03-28 14:47:48,561 INFO: XRP IFTSTOCH: 0.013746164200163205
2021-03-28 14:47:49,907 INFO: XRP IFTSTOCH: -0.017664744723799995
2021-03-28 14:47:51,264 INFO: XRP IFTSTOCH: -0.017664744723799995
2021-03-28 14:47:52,610 INFO: XRP IFTSTOCH: -0.017664744723799995
2021-03-28 14:47:53,950 INFO: XRP IFTSTOCH: 0.013746164200163205
2021-03-28 14:47:55,272 INFO: XRP IFTSTOCH: 0.013746164200163205
2021-03-28 14:47:56,622 INFO: XRP IFTSTOCH: 0.14876053799408984
2021-03-28 14:47:57,945 INFO: XRP IFTSTOCH: 0.14876053799408984
2021-03-28 14:47:59,288 INFO: XRP IFTSTOCH: 0.14876053799408984
2021-03-28 14:48:00,628 INFO: XRP IFTSTOCH: 0.14876053799408984
2021-03-28 14:48:01,961 INFO: XRP IFTSTOCH: -0.5824529048062104
2021-03-28 14:48:03,349 INFO: XRP IFTSTOCH: -0.5244057208401033
2021-03-28 14:48:04,679 INFO: XRP IFTSTOCH: -0.49337586971923686
2021-03-28 14:48:06,029 INFO: XRP IFTSTOCH: -0.516772475662178
2021-03-28 14:48:07,365 INFO: XRP IFTSTOCH: -0.5319555961307655
2021-03-28 14:48:08,710 INFO: XRP IFTSTOCH: -0.5468041991492528
2021-03-28 14:48:10,047 INFO: XRP IFTSTOCH: -0.575491870337101
2021-03-28 14:48:11,584 INFO: XRP IFTSTOCH: -0.5824529048062104
2021-03-28 14:48:12,910 INFO: XRP IFTSTOCH: -0.6028298671767749
2021-03-28 14:48:14,451 INFO: XRP IFTSTOCH: -0.6028298671767749
2021-03-28 14:48:15,770 INFO: XRP IFTSTOCH: -0.5468041991492528
2021-03-28 14:48:17,092 INFO: XRP IFTSTOCH: -0.5893295466034079
2021-03-28 14:48:18,414 INFO: XRP IFTSTOCH: -0.6413171386141833
2021-03-28 14:48:19,741 INFO: XRP IFTSTOCH: -0.6159936108950451
2021-03-28 14:48:21,070 INFO: XRP IFTSTOCH: -0.6474403224131086
2021-03-28 14:48:22,390 INFO: XRP IFTSTOCH: -0.6474403224131086
2021-03-28 14:48:23,709 INFO: XRP IFTSTOCH: -0.6224496575320192
2021-03-28 14:48:25,031 INFO: XRP IFTSTOCH: -0.5468041991492528
2021-03-28 14:48:26,374 INFO: XRP IFTSTOCH: -0.6028298671767749
2021-03-28 14:48:27,703 INFO: XRP IFTSTOCH: -0.575491870337101
2021-03-28 14:48:29,027 INFO: XRP IFTSTOCH: -0.6028298671767749
2021-03-28 14:48:30,635 INFO: XRP IFTSTOCH: -0.6028298671767749
2021-03-28 14:48:32,183 INFO: XRP IFTSTOCH: -0.6478812792497852
2021-03-28 14:48:33,511 INFO: XRP IFTSTOCH: -0.6478812792497852
2021-03-28 14:48:34,837 INFO: XRP IFTSTOCH: -0.677549383268203
2021-03-28 14:48:36,163 INFO: XRP IFTSTOCH: -0.6386806159380372
2021-03-28 14:48:37,480 INFO: XRP IFTSTOCH: -0.6880154064457942
2021-03-28 14:48:38,803 INFO: XRP IFTSTOCH: -0.6339684105191488
2021-03-28 14:48:40,121 INFO: XRP IFTSTOCH: -0.6509063833649227
2021-03-28 14:48:41,457 INFO: XRP IFTSTOCH: -0.6339684105191488
2021-03-28 14:48:42,791 INFO: XRP IFTSTOCH: -0.6564132943871168
2021-03-28 14:48:44,114 INFO: XRP IFTSTOCH: -0.6618511279626101
2021-03-28 14:48:45,445 INFO: XRP IFTSTOCH: -0.6618511279626101
2021-03-28 14:48:46,784 INFO: XRP IFTSTOCH: -0.6880154064457942
2021-03-28 14:48:48,106 INFO: XRP IFTSTOCH: -0.6880154064457942
2021-03-28 14:48:49,429 INFO: XRP IFTSTOCH: -0.6672201890860188
2021-03-28 14:48:50,757 INFO: XRP IFTSTOCH: -0.6672201890860188
2021-03-28 14:48:52,084 INFO: XRP IFTSTOCH: -0.6672201890860188
2021-03-28 14:48:53,406 INFO: XRP IFTSTOCH: -0.6618511279626101
2021-03-28 14:48:54,747 INFO: XRP IFTSTOCH: -0.6672201890860188
2021-03-28 14:48:56,095 INFO: XRP IFTSTOCH: -0.6672201890860188
2021-03-28 14:48:57,437 INFO: XRP IFTSTOCH: -0.6829180456219908
2021-03-28 14:48:58,783 INFO: XRP IFTSTOCH: -0.6829180456219908
2021-03-28 14:49:00,113 INFO: XRP IFTSTOCH: -0.6880154064457942
2021-03-28 14:49:01,434 INFO: XRP IFTSTOCH: -0.9490805764806075
2021-03-28 14:49:02,762 INFO: XRP IFTSTOCH: -0.948117528569643
2021-03-28 14:49:04,741 INFO: XRP IFTSTOCH: -0.9490805764806075
2021-03-28 14:49:06,068 INFO: XRP IFTSTOCH: -0.9461379646842875
2021-03-28 14:49:07,392 INFO: XRP IFTSTOCH: -0.9461379646842875
2021-03-28 14:49:08,723 INFO: XRP IFTSTOCH: -0.9471367603767076
2021-03-28 14:49:10,261 INFO: XRP IFTSTOCH: -0.9471367603767076
2021-03-28 14:49:11,590 INFO: XRP IFTSTOCH: -0.9481620905383636
2021-03-28 14:49:12,916 INFO: XRP IFTSTOCH: -0.9402110384342539
2021-03-28 14:49:14,249 INFO: XRP IFTSTOCH: -0.9490805764806075
2021-03-28 14:49:15,576 INFO: XRP IFTSTOCH: -0.9490805764806075
2021-03-28 14:49:16,899 INFO: XRP IFTSTOCH: -0.9433501633860721
2021-03-28 14:49:18,219 INFO: XRP IFTSTOCH: -0.9381007279506154
2021-03-28 14:50:20,572 INFO: Binance Trader v0.0.2
2021-03-28 14:50:21,149 INFO: XRP balance: 0.0
2021-03-28 14:50:21,150 INFO: USDT balance: 10000.0
2021-03-28 14:50:21,470 INFO: XRP IFTSTOCH: -0.9319870288944807
2021-03-28 14:50:22,806 INFO: XRP IFTSTOCH: -0.9331557059556977
2021-03-28 14:50:24,147 INFO: XRP IFTSTOCH: -0.9331557059556977
2021-03-28 14:50:25,485 INFO: XRP IFTSTOCH: -0.9319870288944807
2021-03-28 14:50:26,828 INFO: XRP IFTSTOCH: -0.9283615610982022
2021-03-28 14:50:28,392 INFO: XRP IFTSTOCH: -0.9343049843143855
2021-03-28 14:50:29,709 INFO: XRP IFTSTOCH: -0.9343049843143855
2021-03-28 14:50:31,053 INFO: XRP IFTSTOCH: -0.9365465359080214
2021-03-28 14:50:32,408 INFO: XRP IFTSTOCH: -0.9376393951494217
2021-03-28 14:50:33,747 INFO: XRP IFTSTOCH: -0.9365465359080214
2021-03-28 14:50:35,092 INFO: XRP IFTSTOCH: -0.9343049843143855
2021-03-28 14:50:36,422 INFO: XRP IFTSTOCH: -0.9343049843143855
2021-03-28 14:50:37,776 INFO: XRP IFTSTOCH: -0.9343049843143855
2021-03-28 14:50:39,121 INFO: XRP IFTSTOCH: -0.9354351626670777
2021-03-28 14:50:40,440 INFO: XRP IFTSTOCH: -0.9354351626670777
2021-03-28 14:50:41,760 INFO: XRP IFTSTOCH: -0.9365465359080214
2021-03-28 14:50:43,103 INFO: XRP IFTSTOCH: -0.9365465359080214
2021-03-28 14:50:44,443 INFO: XRP IFTSTOCH: -0.9365465359080214
2021-03-28 14:50:45,976 INFO: XRP IFTSTOCH: -0.9376393951494217
2021-03-28 14:50:47,302 INFO: XRP IFTSTOCH: -0.9376393951494217
2021-03-28 14:50:48,625 INFO: XRP IFTSTOCH: -0.9376393951494217
2021-03-28 14:50:49,946 INFO: XRP IFTSTOCH: -0.9428359083231329
2021-03-28 14:50:51,267 INFO: XRP IFTSTOCH: -0.9438235879417614
2021-03-28 14:50:52,594 INFO: XRP IFTSTOCH: -0.9457494682793763
2021-03-28 14:50:53,909 INFO: XRP IFTSTOCH: -0.94668818883951
2021-03-28 14:58:52,402 INFO: Binance Trader v0.0.2
2021-03-28 14:58:53,040 INFO: XRP balance: 0.0
2021-03-28 14:58:53,040 INFO: USDT balance: 10000.0
2021-03-28 14:58:53,362 INFO: XRP IFTSTOCH: 0.7456101314097903
2021-03-28 14:58:54,679 INFO: XRP IFTSTOCH: 0.7456101314097903
2021-03-28 14:58:56,023 INFO: XRP IFTSTOCH: 0.7202677599516074
2021-03-28 14:58:57,359 INFO: XRP IFTSTOCH: 0.739464657459062
2021-03-28 14:58:58,677 INFO: XRP IFTSTOCH: 0.6783274235423962
2021-03-28 14:59:00,022 INFO: XRP IFTSTOCH: 0.7136105139843578
2021-03-28 14:59:01,354 INFO: XRP IFTSTOCH: 0.7136105139843578
2021-03-28 14:59:02,901 INFO: XRP IFTSTOCH: 0.7095253971912425
2021-03-28 21:01:03,298 INFO: Binance Trader v0.0.2
2021-03-28 21:01:03,926 INFO: XRP balance: 0.0
2021-03-28 21:01:03,927 INFO: USDT balance: 10000.0
2021-03-28 21:01:04,302 INFO: XRP IFTSTOCH: -0.8683109667346436
2021-03-28 21:01:05,650 INFO: XRP IFTSTOCH: -0.8683109667346436
2021-03-28 21:01:06,997 INFO: XRP IFTSTOCH: -0.8330338296210151
2021-03-28 21:01:08,315 INFO: XRP IFTSTOCH: -0.8330338296210151
2021-03-28 21:01:10,282 INFO: XRP IFTSTOCH: -0.8330338296210151
2021-03-28 21:12:23,405 INFO: Binance Trader v0.0.2
